Experiment started at 2024-12-21 23:15:59.114995
Args in experiment:
Namespace(test=False, model='CALF', seed=7, root_path='./dataset/processed/', data_path='Top_20.csv', result_path='results', freq='d', no_scale=False, seq_len=14, label_len=7, pred_len=14, top_k=5, num_kernels=6, d_model=768, n_heads=4, e_layers=2, d_layers=1, d_ff=256, moving_avg=7, factor=3, distil=True, dropout=0.1, embed='timeF', activation='gelu', output_attention=False, down_sampling_layers=0, down_sampling_window=1, decomp_method='moving_avg', channel_independence=1, down_sampling_method=None, use_norm=1, patch_len=7, num_workers=0, train_epochs=10, batch_size=32, patience=3, learning_rate=0.0005, des='', loss='MSE', lradj='type1', use_amp=False, no_gpu=False, gpu=0, use_multi_gpu=False, devices='0,1,2,3', p_hidden_dims=[64, 64], p_hidden_layers=2, percent=10, disable_progress=True, task_loss='l1', distill_loss='l1', logits_loss='l1', tmax=10, r=8, lora_alpha=32, lora_dropout=0.1, word_embedding_path='./utils/wte_pca_500.pt', task_w=1.0, feature_w=0.01, logits_w=1.0, gpt_layers=2, log_fine_name='CALF_result.txt', noise_scale=-1, bootstrap_eval=0, n_features=10, enc_in=10, dec_in=10, c_out=10, n_targets=1)
Starting experiment. Result folder results/CALF_Top_20.
Use GPU: cuda:0
adding time index columns TimeFromStart
added time encoded known reals ['month', 'day', 'weekday'].
Using 60 days of training data.
Train start: 2021-08-31 00:00:00, val start: 2021-11-28 00:00:00, test start: 2021-12-12 00:00:00, test end: 2021-12-25 00:00:00

Train samples 1780, validation samples 560,             test samples 560, last samples 7980
89 days of training, 14 days of validation data,             14 days of test data and 385 of data after test start.

Fitting scalers on train data
>>>>>>> training : CALF_Top_20 >>>>>>>>>
Time encoded columns : ['month', 'day', 'weekday']
Getting valid sampling locations.
0it [00:00, ?it/s]1240it [00:03, 368.43it/s]
Saving dataset at ./dataset/processed/Top_20/train_percent_10.pt
Time encoded columns : ['month', 'day', 'weekday']
Getting valid sampling locations.
0it [00:00, ?it/s]20it [00:00, 363.73it/s]
Saving dataset at ./dataset/processed/Top_20/val_percent_10.pt
Loss function weights: 1.0 1.0 0.01
Epoch: 1 cost time: 1.851
Epoch: 1, Steps: 39 | Train Loss: 0.76742 Vali Loss: 0.62987
Validation loss decreased (inf -> 0.62987). Saving model ...
Epoch: 2 cost time: 1.4481
Epoch: 2, Steps: 39 | Train Loss: 0.53012 Vali Loss: 0.57448
Validation loss decreased (0.62987 -> 0.57448). Saving model ...
Epoch: 3 cost time: 1.4326
Epoch: 3, Steps: 39 | Train Loss: 0.49223 Vali Loss: 0.59033
EarlyStopping counter: 1 out of 3
Epoch: 4 cost time: 1.3751
Epoch: 4, Steps: 39 | Train Loss: 0.49762 Vali Loss: 0.54481
Validation loss decreased (0.57448 -> 0.54481). Saving model ...
Epoch: 5 cost time: 1.4579
Epoch: 5, Steps: 39 | Train Loss: 0.47319 Vali Loss: 0.55596
EarlyStopping counter: 1 out of 3
Epoch: 6 cost time: 1.3806
Epoch: 6, Steps: 39 | Train Loss: 0.4617 Vali Loss: 0.55681
EarlyStopping counter: 2 out of 3
Epoch: 7 cost time: 1.3826
Epoch: 7, Steps: 39 | Train Loss: 0.47262 Vali Loss: 0.52345
Validation loss decreased (0.54481 -> 0.52345). Saving model ...
Epoch: 8 cost time: 1.4351
Epoch: 8, Steps: 39 | Train Loss: 0.45426 Vali Loss: 0.54213
EarlyStopping counter: 1 out of 3
Epoch: 9 cost time: 1.383
Epoch: 9, Steps: 39 | Train Loss: 0.45847 Vali Loss: 0.5728
EarlyStopping counter: 2 out of 3
Epoch: 10 cost time: 1.3835
Epoch: 10, Steps: 39 | Train Loss: 0.44723 Vali Loss: 0.52758
EarlyStopping counter: 3 out of 3
Early stopping
Train ended. Total time 0:00:38.291692, per epoch 0:00:03.829169

Loading the best model from results/CALF_Top_20/checkpoint.pth

>>>>>>> testing : CALF_Top_20 <<<<<<<<
Time encoded columns : ['month', 'day', 'weekday']
Getting valid sampling locations.
0it [00:00, ?it/s]20it [00:00, 370.17it/s]
Saving dataset at ./dataset/processed/Top_20/test_percent_10.pt
Preds and Trues shape: (20, 14, 1) (20, 14, 1)
test: rmse:1810.2, mae:979.39, msle: 2.4665, r2: 0.17227
Preds and Trues shape: (20, 14, 1) (20, 14, 1)
val: rmse:705.67, mae:384.47, msle: 2.3628, r2: 0.40287
Preds and Trues shape: (1240, 14, 1) (1240, 14, 1)
train: rmse:531.66, mae:284.3, msle: 2.435, r2: 0.48355
Experiment ended at 2024-12-21 23:16:45.766746, runtime 0:00:46.651767
